The HCMV genome (EF999921) has 168 CDS.
target_id       test_stat       pval    qval
CDS[151194:152874](-)   14.8058663288888        0.000119164234539767    0.0117093829168113
CDS[178924:180046](-)   14.4990246483655        0.000140232130740256    0.0117093829168113
CDS[69955:70321](-)     13.0094839327533        0.000309917340698531    0.0154311874422261
CDS[218822:219230](-)   12.6798901698129        0.000369609280053321    0.0154311874422261
CDS[185628:188499](+)   11.8133199295032        0.000588084748467873    0.0172288449428092
CDS[218065:218641](-)   11.469261959256 0.000707567748131834    0.0172288449428092
CDS[213332:213677](-)   11.4313109283572        0.000722167153291402    0.0172288449428092
CDS[215758:216676](-)   11.1497503660432        0.000840429819276908    0.0175439724774055
CDS[70571:72587](+)     10.4406482452047        0.00123271998392656     0.0228738041461928
CDS[139494:139902](+)   10.0085965855827        0.00155811209263195     0.0260204719469535
CDS[24379:25768](+)     8.64355078309844        0.00328221113267218     0.0440877450176177
CDS[139873:141268](-)   8.5711511482984 0.00341531153068117     0.0440877450176177
CDS[7256:8045](-)       8.40172409427908        0.00374865309033353     0.0440877450176177
CDS[156802:157723](-)   8.35147586450072        0.00385374178745047     0.0440877450176177
CDSjoin{[206407:206478](-),     8.30207670055876        0.00395997709739081     0.0440877450176177
CDS[8104:9034](-)       7.96945436003376        0.00475732768397104     0.0496546077014477
Donor 1 (2dpi)had 2259287.0 read pairs before Bowtie2 filtering and 1744101.0 read pairs after.
Donor 3 (6dpi)had 2476889.0 read pairs before Bowtie2 filtering and 1500834.0 read pairs after.
Donor 3 (2dpi)had 2730258.0 read pairs before Bowtie2 filtering and 2382996.0 read pairs after.
Donor 1 (6dpi)had 2004530.0 read pairs before Bowtie2 filtering and 1488833.0 read pairs after.
spades.py --disable-gzip-output --only-assembler --pe1-1 results/SRR5660030.1/SRR5660030.1.1.fastq --pe1-2 results/SRR5660030.1/SRR5660030.1.2.fastq --pe2-1 results/SRR5660045.1/SRR5660045.1.1.fastq --pe2-2 results/SRR5660045.1/SRR5660045.1.2.fastq --pe3-1 results/SRR5660044.1/SRR5660044.1.1.fastq --pe3-2 results/SRR5660044.1/SRR5660044.1.2.fastq --pe4-1 results/SRR5660033.1/SRR5660033.1.1.fastq --pe4-2 results/SRR5660033.1/SRR5660033.1.2.fastq -o result/SPAdes
There are 81 contigs > 1000 bp in the assembly.
There are 132796 bp in the assembly.
seq_title	allign_len	number_HSPs	topHSP_ident	topHSP_gaps	topHSP_bits	topHSP_expect
gi|404315683|gb|JX512204.1| Human herpesvirus 5 strain HAN16, complete genome	235112	3	5859	0	10567.2	0.0
gi|523510377|gb|KF297339.1| Human herpesvirus 5 strain TB40/E clone Lisa, complete genome	237683	3	5859	0	10567.2	0.0
gi|157779983|gb|EF999921.1| Human herpesvirus 5 strain TB40/E clone TB40-BAC4, complete sequence	229050	3	5859	0	10567.2	0.0
gi|39841785|gb|AY446866.1| Human herpesvirus 5 strain TB40/E, partial genome	25572	2	5859	0	10567.2	0.0
gi|1098408701|gb|KX544839.1| Human herpesvirus 5 isolate TB40-E_UNC, complete genome	228992	3	5858	1	10559.1	0.0
gi|1205243315|gb|MF084224.1| Human betaherpesvirus 5 strain HER1, complete genome	235079	3	5858	11	10538.4	0.0
gi|586832780|gb|KJ361947.1| Human herpesvirus 5 strain 2CEN5, complete genome	235567	3	5858	11	10538.4	0.0
gi|1110842241|gb|KY123653.1| Human herpesvirus 5 strain HANSCTR4, complete genome	235510	3	5852	11	10516.7	0.0
gi|1145593380|gb|KY490077.1| Human betaherpesvirus 5 strain HANRTR9, complete genome	235175	3	5823	11	10380.6	0.0
gi|823077132|gb|KR534206.1| Human herpesvirus 5 strain JER4041, complete genome	234917	3	5800	29	10268.8	0.0

